--------------------
/home/bonazza/workspace/N2D_Android_Backend/jni/FreeImage/ZLib/configure
Mon Jun 18 11:43:51 EDT 2012

Checking for gcc...
=== ztest5707.c ===
extern int getchar();
int hello() {return getchar();}
===
gcc -c -O3 ztest5707.c
... using gcc

Checking for shared library support...
=== ztest5707.c ===
extern int getchar();
int hello() {return getchar();}
===
gcc -w -c -O3 -fPIC ztest5707.c
gcc -shared -Wl,-soname,libz.so.1,--version-script,zlib.map -O3 -fPIC -o ztest5707.so ztest5707.o
/usr/bin/ld: cannot open linker script file zlib.map: No such file or directory
collect2: ld returned 1 exit status
(exit code 1)
No shared library support.
Building static library libz.a version 1.2.6 with gcc.

=== ztest5707.c ===
#include <sys/types.h>
off64_t dummy = 0;
===
gcc -c -O3 -D_LARGEFILE64_SOURCE=1 ztest5707.c
Checking for off64_t... Yes.
Checking for fseeko... Yes.

=== ztest5707.c ===
#include <unistd.h>
int main() { return 0; }
===
gcc -c -O3 -D_LARGEFILE64_SOURCE=1 ztest5707.c
Checking for unistd.h... Yes.

=== ztest5707.c ===
#include <stdarg.h>
int main() { return 0; }
===
gcc -c -O3 -D_LARGEFILE64_SOURCE=1 ztest5707.c
Checking for stdarg.h... Yes.

=== ztest5707.c ===
#include <stdio.h>
#include <stdarg.h>
#include "zconf.h"
int main()
{
#ifndef STDC
  choke me
#endif
  return 0;
}
===
gcc -c -O3 -D_LARGEFILE64_SOURCE=1 ztest5707.c
Checking whether to use vs[n]printf() or s[n]printf()... using vs[n]printf().

=== ztest5707.c ===
#include <stdio.h>
#include <stdarg.h>
int mytest(const char *fmt, ...)
{
  char buf[20];
  va_list ap;
  va_start(ap, fmt);
  vsnprintf(buf, sizeof(buf), fmt, ap);
  va_end(ap);
  return 0;
}
int main()
{
  return (mytest("Hello%d\n", 1));
}
===
gcc -O3 -D_LARGEFILE64_SOURCE=1 -o ztest5707 ztest5707.c
Checking for vsnprintf() in stdio.h... Yes.

=== ztest5707.c ===
#include <stdio.h>
#include <stdarg.h>
int mytest(const char *fmt, ...)
{
  int n;
  char buf[20];
  va_list ap;
  va_start(ap, fmt);
  n = vsnprintf(buf, sizeof(buf), fmt, ap);
  va_end(ap);
  return n;
}
int main()
{
  return (mytest("Hello%d\n", 1));
}
===
gcc -c -O3 -D_LARGEFILE64_SOURCE=1 ztest5707.c
Checking for return value of vsnprintf()... Yes.

=== ztest5707.c ===
#if ((__GNUC__-0) * 10 + __GNUC_MINOR__-0 >= 33)
#  define ZLIB_INTERNAL __attribute__((visibility ("hidden")))
#else
#  define ZLIB_INTERNAL
#endif
int ZLIB_INTERNAL foo;
int main()
{
  return 0;
}
===
gcc -c -O3 -D_LARGEFILE64_SOURCE=1 ztest5707.c
Checking for attribute(visibility) support... Yes.

ALL = static all64
AR = ar
ARFLAGS = rc
CC = gcc
CFLAGS = -O3 -D_LARGEFILE64_SOURCE=1
CPP = gcc -E
EXE =
LDCONFIG = ldconfig
LDFLAGS =
LDSHARED = gcc
LDSHAREDLIBC = -lc
OBJC = $(OBJZ) $(OBJG)
PIC_OBJC = $(PIC_OBJZ) $(PIC_OBJG)
RANLIB = ranlib
SFLAGS = -O3 -fPIC -D_LARGEFILE64_SOURCE=1
SHAREDLIB =
SHAREDLIBM =
SHAREDLIBV =
STATICLIB = libz.a
TEST = all teststatic test64
VER = 1.2.6
exec_prefix = ${prefix}
includedir = ${prefix}/include
libdir = ${exec_prefix}/lib
mandir = ${prefix}/share/man
prefix = /usr/local
sharedlibdir = ${libdir}
uname = Linux
--------------------


--------------------
/home/bonazza/workspace/N2D_Android_Backend/jni/FreeImage/ZLib/configure
Mon Jun 18 11:44:14 EDT 2012

Checking for gcc...
=== ztest5807.c ===
extern int getchar();
int hello() {return getchar();}
===
gcc -c -O3 ztest5807.c
... using gcc

Checking for shared library support...
=== ztest5807.c ===
extern int getchar();
int hello() {return getchar();}
===
gcc -w -c -O3 -fPIC ztest5807.c
gcc -shared -Wl,-soname,libz.so.1,--version-script,zlib.map -O3 -fPIC -o ztest5807.so ztest5807.o
/usr/bin/ld: cannot open linker script file zlib.map: No such file or directory
collect2: ld returned 1 exit status
(exit code 1)
No shared library support.
Building static library libz.a version 1.2.6 with gcc.

=== ztest5807.c ===
#include <sys/types.h>
off64_t dummy = 0;
===
gcc -c -O3 -D_LARGEFILE64_SOURCE=1 ztest5807.c
Checking for off64_t... Yes.
Checking for fseeko... Yes.

=== ztest5807.c ===
#include <unistd.h>
int main() { return 0; }
===
gcc -c -O3 -D_LARGEFILE64_SOURCE=1 ztest5807.c
Checking for unistd.h... Yes.

=== ztest5807.c ===
#include <stdarg.h>
int main() { return 0; }
===
gcc -c -O3 -D_LARGEFILE64_SOURCE=1 ztest5807.c
Checking for stdarg.h... Yes.

=== ztest5807.c ===
#include <stdio.h>
#include <stdarg.h>
#include "zconf.h"
int main()
{
#ifndef STDC
  choke me
#endif
  return 0;
}
===
gcc -c -O3 -D_LARGEFILE64_SOURCE=1 ztest5807.c
Checking whether to use vs[n]printf() or s[n]printf()... using vs[n]printf().

=== ztest5807.c ===
#include <stdio.h>
#include <stdarg.h>
int mytest(const char *fmt, ...)
{
  char buf[20];
  va_list ap;
  va_start(ap, fmt);
  vsnprintf(buf, sizeof(buf), fmt, ap);
  va_end(ap);
  return 0;
}
int main()
{
  return (mytest("Hello%d\n", 1));
}
===
gcc -O3 -D_LARGEFILE64_SOURCE=1 -o ztest5807 ztest5807.c
Checking for vsnprintf() in stdio.h... Yes.

=== ztest5807.c ===
#include <stdio.h>
#include <stdarg.h>
int mytest(const char *fmt, ...)
{
  int n;
  char buf[20];
  va_list ap;
  va_start(ap, fmt);
  n = vsnprintf(buf, sizeof(buf), fmt, ap);
  va_end(ap);
  return n;
}
int main()
{
  return (mytest("Hello%d\n", 1));
}
===
gcc -c -O3 -D_LARGEFILE64_SOURCE=1 ztest5807.c
Checking for return value of vsnprintf()... Yes.

=== ztest5807.c ===
#if ((__GNUC__-0) * 10 + __GNUC_MINOR__-0 >= 33)
#  define ZLIB_INTERNAL __attribute__((visibility ("hidden")))
#else
#  define ZLIB_INTERNAL
#endif
int ZLIB_INTERNAL foo;
int main()
{
  return 0;
}
===
gcc -c -O3 -D_LARGEFILE64_SOURCE=1 ztest5807.c
Checking for attribute(visibility) support... Yes.

ALL = static all64
AR = ar
ARFLAGS = rc
CC = gcc
CFLAGS = -O3 -D_LARGEFILE64_SOURCE=1
CPP = gcc -E
EXE =
LDCONFIG = ldconfig
LDFLAGS =
LDSHARED = gcc
LDSHAREDLIBC = -lc
OBJC = $(OBJZ) $(OBJG)
PIC_OBJC = $(PIC_OBJZ) $(PIC_OBJG)
RANLIB = ranlib
SFLAGS = -O3 -fPIC -D_LARGEFILE64_SOURCE=1
SHAREDLIB =
SHAREDLIBM =
SHAREDLIBV =
STATICLIB = libz.a
TEST = all teststatic test64
VER = 1.2.6
exec_prefix = ${prefix}
includedir = ${prefix}/include
libdir = ${exec_prefix}/lib
mandir = ${prefix}/share/man
prefix = /usr/local
sharedlibdir = ${libdir}
uname = Linux
--------------------


--------------------
/home/bonazza/workspace/N2D_Android_Backend/jni/FreeImage/ZLib/configure
Mon Jun 18 11:44:24 EDT 2012

Checking for gcc...
=== ztest5918.c ===
extern int getchar();
int hello() {return getchar();}
===
gcc -c -O3 ztest5918.c
... using gcc

Checking for shared library support...
=== ztest5918.c ===
extern int getchar();
int hello() {return getchar();}
===
gcc -w -c -O3 -fPIC ztest5918.c
gcc -shared -Wl,-soname,libz.so.1,--version-script,zlib.map -O3 -fPIC -o ztest5918.so ztest5918.o
/usr/bin/ld: cannot open linker script file zlib.map: No such file or directory
collect2: ld returned 1 exit status
(exit code 1)
No shared library support.
Building static library libz.a version 1.2.6 with gcc.

=== ztest5918.c ===
#include <sys/types.h>
off64_t dummy = 0;
===
gcc -c -O3 -D_LARGEFILE64_SOURCE=1 ztest5918.c
Checking for off64_t... Yes.
Checking for fseeko... Yes.

=== ztest5918.c ===
#include <unistd.h>
int main() { return 0; }
===
gcc -c -O3 -D_LARGEFILE64_SOURCE=1 ztest5918.c
Checking for unistd.h... Yes.

=== ztest5918.c ===
#include <stdarg.h>
int main() { return 0; }
===
gcc -c -O3 -D_LARGEFILE64_SOURCE=1 ztest5918.c
Checking for stdarg.h... Yes.

=== ztest5918.c ===
#include <stdio.h>
#include <stdarg.h>
#include "zconf.h"
int main()
{
#ifndef STDC
  choke me
#endif
  return 0;
}
===
gcc -c -O3 -D_LARGEFILE64_SOURCE=1 ztest5918.c
Checking whether to use vs[n]printf() or s[n]printf()... using vs[n]printf().

=== ztest5918.c ===
#include <stdio.h>
#include <stdarg.h>
int mytest(const char *fmt, ...)
{
  char buf[20];
  va_list ap;
  va_start(ap, fmt);
  vsnprintf(buf, sizeof(buf), fmt, ap);
  va_end(ap);
  return 0;
}
int main()
{
  return (mytest("Hello%d\n", 1));
}
===
gcc -O3 -D_LARGEFILE64_SOURCE=1 -o ztest5918 ztest5918.c
Checking for vsnprintf() in stdio.h... Yes.

=== ztest5918.c ===
#include <stdio.h>
#include <stdarg.h>
int mytest(const char *fmt, ...)
{
  int n;
  char buf[20];
  va_list ap;
  va_start(ap, fmt);
  n = vsnprintf(buf, sizeof(buf), fmt, ap);
  va_end(ap);
  return n;
}
int main()
{
  return (mytest("Hello%d\n", 1));
}
===
gcc -c -O3 -D_LARGEFILE64_SOURCE=1 ztest5918.c
Checking for return value of vsnprintf()... Yes.

=== ztest5918.c ===
#if ((__GNUC__-0) * 10 + __GNUC_MINOR__-0 >= 33)
#  define ZLIB_INTERNAL __attribute__((visibility ("hidden")))
#else
#  define ZLIB_INTERNAL
#endif
int ZLIB_INTERNAL foo;
int main()
{
  return 0;
}
===
gcc -c -O3 -D_LARGEFILE64_SOURCE=1 ztest5918.c
Checking for attribute(visibility) support... Yes.

ALL = static all64
AR = ar
ARFLAGS = rc
CC = gcc
CFLAGS = -O3 -D_LARGEFILE64_SOURCE=1
CPP = gcc -E
EXE =
LDCONFIG = ldconfig
LDFLAGS =
LDSHARED = gcc
LDSHAREDLIBC = -lc
OBJC = $(OBJZ) $(OBJG)
PIC_OBJC = $(PIC_OBJZ) $(PIC_OBJG)
RANLIB = ranlib
SFLAGS = -O3 -fPIC -D_LARGEFILE64_SOURCE=1
SHAREDLIB =
SHAREDLIBM =
SHAREDLIBV =
STATICLIB = libz.a
TEST = all teststatic test64
VER = 1.2.6
exec_prefix = ${prefix}
includedir = ${prefix}/include
libdir = ${exec_prefix}/lib
mandir = ${prefix}/share/man
prefix = /usr/local
sharedlibdir = ${libdir}
uname = Linux
--------------------


